build/outputs/logs/manifest-merger-armv7-debug-report.txt
-- Merging decision tree log ---
manifest
ADDED from src/main/AndroidManifest.xml:2:1-282:12
	package
		ADDED from src/main/AndroidManifest.xml:3:5-34
		INJECTED from src/main/AndroidManifest.xml
		INJECTED from config/debug/AndroidManifest.xml
	android:versionName
		INJECTED from src/main/AndroidManifest.xml
		ADDED from src/main/AndroidManifest.xml:2:1-282:12
		INJECTED from config/debug/AndroidManifest.xml
	xmlns:android
		ADDED from src/main/AndroidManifest.xml:2:11-69
	android:versionCode
		INJECTED from src/main/AndroidManifest.xml
		ADDED from src/main/AndroidManifest.xml:2:1-282:12
		INJECTED from config/debug/AndroidManifest.xml
	android:installLocation
		ADDED from src/main/AndroidManifest.xml:4:5-35
supports-screens
ADDED from src/main/AndroidManifest.xml:6:5-11:53
	android:largeScreens
		ADDED from src/main/AndroidManifest.xml:7:23-50
	android:smallScreens
		ADDED from src/main/AndroidManifest.xml:10:23-50
	android:normalScreens
		ADDED from src/main/AndroidManifest.xml:8:23-51
	android:xlargeScreens
		ADDED from src/main/AndroidManifest.xml:11:23-51
	android:resizeable
		ADDED from src/main/AndroidManifest.xml:9:23-48
	android:anyDensity
		ADDED from src/main/AndroidManifest.xml:6:23-48
uses-feature#0x00020000
ADDED from src/main/AndroidManifest.xml:13:5-78
MERGED from [com.google.android.gms:play-services-maps:9.6.1] AndroidManifest.xml:21:5-77
	android:glEsVersion
		ADDED from src/main/AndroidManifest.xml:13:19-51
	android:required
		ADDED from src/main/AndroidManifest.xml:13:52-76
uses-feature#android.hardware.telephony
ADDED from src/main/AndroidManifest.xml:14:5-88
	android:required
		ADDED from src/main/AndroidManifest.xml:14:61-85
	android:name
		ADDED from src/main/AndroidManifest.xml:14:19-60
uses-feature#android.hardware.wifi
ADDED from src/main/AndroidManifest.xml:15:5-83
	android:required
		ADDED from src/main/AndroidManifest.xml:15:56-80
	android:name
		ADDED from src/main/AndroidManifest.xml:15:19-55
uses-feature#android.hardware.screen.PORTRAIT
ADDED from src/main/AndroidManifest.xml:16:5-94
	android:required
		ADDED from src/main/AndroidManifest.xml:16:67-91
	android:name
		ADDED from src/main/AndroidManifest.xml:16:19-66
uses-feature#android.hardware.microphone
ADDED from src/main/AndroidManifest.xml:17:5-89
	android:required
		ADDED from src/main/AndroidManifest.xml:17:62-86
	android:name
		ADDED from src/main/AndroidManifest.xml:17:19-61
uses-feature#android.hardware.camera
ADDED from src/main/AndroidManifest.xml:18:5-85
	android:required
		ADDED from src/main/AndroidManifest.xml:18:58-82
	android:name
		ADDED from src/main/AndroidManifest.xml:18:19-57
uses-feature#android.hardware.camera2
ADDED from src/main/AndroidManifest.xml:19:5-86
	android:required
		ADDED from src/main/AndroidManifest.xml:19:59-83
	android:name
		ADDED from src/main/AndroidManifest.xml:19:19-58
uses-permission#android.permission.INTERNET
ADDED from src/main/AndroidManifest.xml:21:5-67
MERGED from [com.google.android.gms:play-services-gcm:9.6.1] AndroidManifest.xml:21:5-66
MERGED from [com.google.android.gms:play-services-iid:9.6.1] AndroidManifest.xml:21:5-66
MERGED from [com.google.android.gms:play-services-maps:9.6.1] AndroidManifest.xml:20:5-66
MERGED from [net.hockeyapp.android:HockeySDK:4.0.1] AndroidManifest.xml:12:5-67
MERGED from [com.google.firebase:firebase-analytics:9.6.1] AndroidManifest.xml:20:5-66
MERGED from [com.google.firebase:firebase-analytics-impl:9.6.1] AndroidManifest.xml:20:5-66
MERGED from [com.google.firebase:firebase-iid:9.6.1] AndroidManifest.xml:20:5-66
	android:name
		ADDED from src/main/AndroidManifest.xml:21:22-64
uses-permission#android.permission.RECORD_AUDIO
ADDED from src/main/AndroidManifest.xml:22:5-71
	android:name
		ADDED from src/main/AndroidManifest.xml:22:22-68
uses-permission#android.permission.ACCESS_NETWORK_STATE
ADDED from src/main/AndroidManifest.xml:23:5-79
MERGED from [com.google.android.gms:play-services-maps:9.6.1] AndroidManifest.xml:19:5-78
MERGED from [net.hockeyapp.android:HockeySDK:4.0.1] AndroidManifest.xml:11:5-79
MERGED from [com.google.firebase:firebase-analytics:9.6.1] AndroidManifest.xml:21:5-78
MERGED from [com.google.firebase:firebase-analytics-impl:9.6.1] AndroidManifest.xml:21:5-78
MERGED from [com.google.firebase:firebase-iid:9.6.1] AndroidManifest.xml:19:5-78
	android:name
		ADDED from src/main/AndroidManifest.xml:23:22-76
uses-permission#android.permission.ACCESS_WIFI_STATE
ADDED from src/main/AndroidManifest.xml:24:5-76
	android:name
		ADDED from src/main/AndroidManifest.xml:24:22-73
uses-permission#android.permission.RECEIVE_SMS
ADDED from src/main/AndroidManifest.xml:25:5-70
	android:name
		ADDED from src/main/AndroidManifest.xml:25:22-67
uses-permission#android.permission.WAKE_LOCK
ADDED from src/main/AndroidManifest.xml:26:5-68
MERGED from [com.google.firebase:firebase-analytics:9.6.1] AndroidManifest.xml:22:5-67
MERGED from [com.google.firebase:firebase-analytics-impl:9.6.1] AndroidManifest.xml:22:5-67
MERGED from [com.google.firebase:firebase-iid:9.6.1] AndroidManifest.xml:21:5-67
	android:name
		ADDED from src/main/AndroidManifest.xml:26:22-65
uses-permission#android.permission.WRITE_EXTERNAL_STORAGE
ADDED from src/main/AndroidManifest.xml:27:5-80
MERGED from [net.hockeyapp.android:HockeySDK:4.0.1] AndroidManifest.xml:13:5-81
	android:name
		ADDED from src/main/AndroidManifest.xml:27:22-78
uses-permission#android.permission.READ_EXTERNAL_STORAGE
ADDED from src/main/AndroidManifest.xml:28:5-79
	android:name
		ADDED from src/main/AndroidManifest.xml:28:22-77
uses-permission#android.permission.GET_ACCOUNTS
ADDED from src/main/AndroidManifest.xml:29:5-71
	android:name
		ADDED from src/main/AndroidManifest.xml:29:22-68
uses-permission#android.permission.READ_CONTACTS
ADDED from src/main/AndroidManifest.xml:30:5-72
	android:name
		ADDED from src/main/AndroidManifest.xml:30:22-69
uses-permission#android.permission.WRITE_CONTACTS
ADDED from src/main/AndroidManifest.xml:31:5-73
	android:name
		ADDED from src/main/AndroidManifest.xml:31:22-70
uses-permission#android.permission.MANAGE_ACCOUNTS
ADDED from src/main/AndroidManifest.xml:32:5-73
	android:name
		ADDED from src/main/AndroidManifest.xml:32:22-71
uses-permission#android.permission.READ_PROFILE
ADDED from src/main/AndroidManifest.xml:33:5-70
	android:name
		ADDED from src/main/AndroidManifest.xml:33:22-68
uses-permission#android.permission.WRITE_SYNC_SETTINGS
ADDED from src/main/AndroidManifest.xml:34:5-77
	android:name
		ADDED from src/main/AndroidManifest.xml:34:22-75
uses-permission#android.permission.READ_SYNC_SETTINGS
ADDED from src/main/AndroidManifest.xml:35:5-76
	android:name
		ADDED from src/main/AndroidManifest.xml:35:22-74
uses-permission#android.permission.AUTHENTICATE_ACCOUNTS
ADDED from src/main/AndroidManifest.xml:36:5-79
	android:name
		ADDED from src/main/AndroidManifest.xml:36:22-77
uses-permission#android.permission.VIBRATE
ADDED from src/main/AndroidManifest.xml:37:5-66
	android:name
		ADDED from src/main/AndroidManifest.xml:37:22-63
uses-permission#android.permission.SYSTEM_ALERT_WINDOW
ADDED from src/main/AndroidManifest.xml:38:5-78
	android:name
		ADDED from src/main/AndroidManifest.xml:38:22-75
uses-permission#android.permission.READ_PHONE_STATE
ADDED from src/main/AndroidManifest.xml:39:5-75
	android:name
		ADDED from src/main/AndroidManifest.xml:39:22-72
uses-permission#android.permission.RECEIVE_BOOT_COMPLETED
ADDED from src/main/AndroidManifest.xml:40:5-81
	android:name
		ADDED from src/main/AndroidManifest.xml:40:22-78
uses-permission#android.permission.USE_FINGERPRINT
ADDED from src/main/AndroidManifest.xml:41:5-74
	android:name
		ADDED from src/main/AndroidManifest.xml:41:22-71
uses-permission#android.permission.INSTALL_SHORTCUT
ADDED from src/main/AndroidManifest.xml:42:5-75
	android:name
		ADDED from src/main/AndroidManifest.xml:42:22-72
uses-permission#com.android.launcher.permission.INSTALL_SHORTCUT
ADDED from src/main/AndroidManifest.xml:43:5-88
	android:name
		ADDED from src/main/AndroidManifest.xml:43:22-85
uses-permission#com.android.launcher.permission.UNINSTALL_SHORTCUT
ADDED from src/main/AndroidManifest.xml:44:5-89
	android:name
		ADDED from src/main/AndroidManifest.xml:44:22-87
uses-permission#android.permission.CAMERA
ADDED from src/main/AndroidManifest.xml:45:5-65
	android:name
		ADDED from src/main/AndroidManifest.xml:45:22-62
application
ADDED from src/main/AndroidManifest.xml:47:5-280:19
MERGED from src/main/AndroidManifest.xml:47:5-280:19
MERGED from [com.google.android.gms:play-services-gcm:9.6.1] AndroidManifest.xml:23:5-19
MERGED from [com.google.android.gms:play-services-base:9.6.1] AndroidManifest.xml:18:5-20:19
MERGED from [com.google.android.gms:play-services-basement:9.6.1] AndroidManifest.xml:19:5-21:19
MERGED from [com.google.android.gms:play-services-tasks:9.6.1] AndroidManifest.xml:4:5-19
MERGED from [com.google.android.gms:play-services-iid:9.6.1] AndroidManifest.xml:23:5-19
MERGED from [com.google.android.gms:play-services-maps:9.6.1] AndroidManifest.xml:24:5-19
MERGED from [com.google.android.gms:play-services-vision:9.6.1] AndroidManifest.xml:4:5-19
MERGED from [com.android.support:support-core-ui:24.2.1] AndroidManifest.xml:25:5-20
MERGED from [com.android.support:support-compat:24.2.1] AndroidManifest.xml:25:5-20
MERGED from [com.android.support:support-core-utils:24.2.1] AndroidManifest.xml:25:5-20
MERGED from [net.hockeyapp.android:HockeySDK:4.0.1] AndroidManifest.xml:15:5-21:19
MERGED from [com.google.firebase:firebase-core:9.6.1] AndroidManifest.xml:5:5-20
MERGED from [com.google.firebase:firebase-analytics:9.6.1] AndroidManifest.xml:24:5-33:19
MERGED from [com.google.firebase:firebase-common:9.6.1] AndroidManifest.xml:4:5-7:19
MERGED from [com.google.firebase:firebase-analytics-impl:9.6.1] AndroidManifest.xml:24:5-28:19
MERGED from [com.google.firebase:firebase-iid:9.6.1] AndroidManifest.xml:28:5-50:19
	android:hardwareAccelerated
		ADDED from src/main/AndroidManifest.xml:50:9-68
	android:manageSpaceActivity
		ADDED from src/main/AndroidManifest.xml:54:9-71
		ADDED from src/main/AndroidManifest.xml:54:9-71
	android:allowBackup
		ADDED from src/main/AndroidManifest.xml:49:9-36
	android:icon
		ADDED from src/main/AndroidManifest.xml:51:9-45
	android:largeHeap
		ADDED from src/main/AndroidManifest.xml:52:9-33
	android:theme
		ADDED from src/main/AndroidManifest.xml:53:9-53
	android:name
		ADDED from src/main/AndroidManifest.xml:48:9-61
activity#kr.wdream.ui.LaunchActivity
ADDED from src/main/AndroidManifest.xml:56:9-118:20
	android:hardwareAccelerated
		ADDED from src/main/AndroidManifest.xml:59:13-72
	android:launchMode
		ADDED from src/main/AndroidManifest.xml:60:13-44
	android:windowSoftInputMode
		ADDED from src/main/AndroidManifest.xml:61:13-52
	android:configChanges
		ADDED from src/main/AndroidManifest.xml:58:13-83
	android:name
		ADDED from src/main/AndroidManifest.xml:57:13-55
intent-filter#android.intent.action.MAIN+android.intent.category.LAUNCHER+android.intent.category.MULTIWINDOW_LAUNCHER
ADDED from src/main/AndroidManifest.xml:62:13-66:29
action#android.intent.action.MAIN
ADDED from src/main/AndroidManifest.xml:63:17-69
	android:name
		ADDED from src/main/AndroidManifest.xml:63:25-66
category#android.intent.category.LAUNCHER
ADDED from src/main/AndroidManifest.xml:64:17-77
	android:name
		ADDED from src/main/AndroidManifest.xml:64:27-74
category#android.intent.category.MULTIWINDOW_LAUNCHER
ADDED from src/main/AndroidManifest.xml:65:17-89
	android:name
		ADDED from src/main/AndroidManifest.xml:65:27-86
intent-filter#android.intent.action.SEND+android.intent.category.DEFAULT
ADDED from src/main/AndroidManifest.xml:67:13-71:29
action#android.intent.action.SEND
ADDED from src/main/AndroidManifest.xml:68:17-68
	android:name
		ADDED from src/main/AndroidManifest.xml:68:25-66
category#android.intent.category.DEFAULT
ADDED from src/main/AndroidManifest.xml:69:17-75
	android:name
		ADDED from src/main/AndroidManifest.xml:69:27-73
data
ADDED from src/main/AndroidManifest.xml:70:17-51
	android:mimeType
		ADDED from src/main/AndroidManifest.xml:70:23-49
intent-filter#android.intent.action.SEND_MULTIPLE+android.intent.category.DEFAULT
ADDED from src/main/AndroidManifest.xml:77:13-81:29
action#android.intent.action.SEND_MULTIPLE
ADDED from src/main/AndroidManifest.xml:78:17-77
	android:name
		ADDED from src/main/AndroidManifest.xml:78:25-75
intent-filter#android.intent.action.VIEW+android.intent.category.DEFAULT
ADDED from src/main/AndroidManifest.xml:97:13-101:29
action#android.intent.action.VIEW
ADDED from src/main/AndroidManifest.xml:98:17-68
	android:name
		ADDED from src/main/AndroidManifest.xml:98:25-66
intent-filter#android.intent.action.VIEW+android.intent.category.BROWSABLE+android.intent.category.DEFAULT
ADDED from src/main/AndroidManifest.xml:102:13-110:29
category#android.intent.category.BROWSABLE
ADDED from src/main/AndroidManifest.xml:105:17-78
	android:name
		ADDED from src/main/AndroidManifest.xml:105:27-75
meta-data#android.service.chooser.chooser_target_service
ADDED from src/main/AndroidManifest.xml:117:13-128
	android:value
		ADDED from src/main/AndroidManifest.xml:117:86-125
	android:name
		ADDED from src/main/AndroidManifest.xml:117:24-85
activity#kr.wdream.Wdream.ShoppingMainActivity
ADDED from src/main/AndroidManifest.xml:120:9-73
	android:name
		ADDED from src/main/AndroidManifest.xml:120:19-71
activity#kr.wdream.Wdream.ProductInfoActivity
ADDED from src/main/AndroidManifest.xml:121:9-72
	android:name
		ADDED from src/main/AndroidManifest.xml:121:19-70
activity#kr.wdream.ui.ShareActivity
ADDED from src/main/AndroidManifest.xml:124:9-138:20
	android:stateNotNeeded
		ADDED from src/main/AndroidManifest.xml:130:13-42
	android:excludeFromRecents
		ADDED from src/main/AndroidManifest.xml:129:13-46
	android:hardwareAccelerated
		ADDED from src/main/AndroidManifest.xml:127:13-72
	android:windowSoftInputMode
		ADDED from src/main/AndroidManifest.xml:128:13-52
	android:configChanges
		ADDED from src/main/AndroidManifest.xml:126:13-83
	android:theme
		ADDED from src/main/AndroidManifest.xml:131:13-63
	android:name
		ADDED from src/main/AndroidManifest.xml:125:13-54
activity#kr.wdream.ui.ManageSpaceActivity
ADDED from src/main/AndroidManifest.xml:139:9-145:20
	android:hardwareAccelerated
		ADDED from src/main/AndroidManifest.xml:142:13-72
	android:launchMode
		ADDED from src/main/AndroidManifest.xml:143:13-44
	android:windowSoftInputMode
		ADDED from src/main/AndroidManifest.xml:144:13-52
	android:configChanges
		ADDED from src/main/AndroidManifest.xml:141:13-83
	android:name
		ADDED from src/main/AndroidManifest.xml:140:13-60
activity#kr.wdream.ui.IntroActivity
ADDED from src/main/AndroidManifest.xml:146:9-149:20
	android:configChanges
		ADDED from src/main/AndroidManifest.xml:148:13-83
	android:name
		ADDED from src/main/AndroidManifest.xml:147:13-54
activity#kr.wdream.storyshop.kr.toptalk.messenger.OpenChatReceiver
ADDED from src/main/AndroidManifest.xml:150:9-154:20
	android:exported
		ADDED from src/main/AndroidManifest.xml:153:13-36
	android:configChanges
		ADDED from src/main/AndroidManifest.xml:152:13-83
	android:name
		ADDED from src/main/AndroidManifest.xml:151:13-85
activity#kr.wdream.ui.PopupNotificationActivity
ADDED from src/main/AndroidManifest.xml:155:9-164:20
	android:excludeFromRecents
		ADDED from src/main/AndroidManifest.xml:158:13-46
	android:launchMode
		ADDED from src/main/AndroidManifest.xml:159:13-44
	android:windowSoftInputMode
		ADDED from src/main/AndroidManifest.xml:163:13-67
	android:resizeableActivity
		ADDED from src/main/AndroidManifest.xml:162:13-47
	android:configChanges
		ADDED from src/main/AndroidManifest.xml:157:13-133
	android:theme
		ADDED from src/main/AndroidManifest.xml:161:13-69
	android:taskAffinity
		ADDED from src/main/AndroidManifest.xml:160:13-36
	android:name
		ADDED from src/main/AndroidManifest.xml:156:13-66
receiver#kr.wdream.storyshop.AutoMessageHeardReceiver
ADDED from src/main/AndroidManifest.xml:166:9-172:20
	android:exported
		ADDED from src/main/AndroidManifest.xml:168:13-37
	android:name
		ADDED from src/main/AndroidManifest.xml:167:13-72
intent-filter#kr.toptalk.messenger.ACTION_MESSAGE_HEARD
ADDED from src/main/AndroidManifest.xml:169:13-171:29
action#kr.toptalk.messenger.ACTION_MESSAGE_HEARD
ADDED from src/main/AndroidManifest.xml:170:17-83
	android:name
		ADDED from src/main/AndroidManifest.xml:170:25-81
receiver#kr.wdream.storyshop.AutoMessageReplyReceiver
ADDED from src/main/AndroidManifest.xml:174:9-180:20
	android:exported
		ADDED from src/main/AndroidManifest.xml:176:13-37
	android:name
		ADDED from src/main/AndroidManifest.xml:175:13-72
intent-filter#kr.toptalk.messenger.ACTION_MESSAGE_REPLY
ADDED from src/main/AndroidManifest.xml:177:13-179:29
action#kr.toptalk.messenger.ACTION_MESSAGE_REPLY
ADDED from src/main/AndroidManifest.xml:178:17-83
	android:name
		ADDED from src/main/AndroidManifest.xml:178:25-81
receiver#kr.wdream.storyshop.CallReceiver
ADDED from src/main/AndroidManifest.xml:182:9-186:20
	android:name
		ADDED from src/main/AndroidManifest.xml:182:19-66
intent-filter#android.intent.action.PHONE_STATE
ADDED from src/main/AndroidManifest.xml:183:13-185:29
action#android.intent.action.PHONE_STATE
ADDED from src/main/AndroidManifest.xml:184:17-76
	android:name
		ADDED from src/main/AndroidManifest.xml:184:25-73
receiver#kr.wdream.storyshop.SmsListener
ADDED from src/main/AndroidManifest.xml:188:9-192:20
	android:name
		ADDED from src/main/AndroidManifest.xml:188:19-65
intent-filter#android.provider.Telephony.SMS_RECEIVED
ADDED from src/main/AndroidManifest.xml:189:13-191:29
action#android.provider.Telephony.SMS_RECEIVED
ADDED from src/main/AndroidManifest.xml:190:17-82
	android:name
		ADDED from src/main/AndroidManifest.xml:190:25-79
service#kr.wdream.storyshop.AuthenticatorService
ADDED from src/main/AndroidManifest.xml:194:9-200:19
	android:exported
		ADDED from src/main/AndroidManifest.xml:194:74-97
	android:name
		ADDED from src/main/AndroidManifest.xml:194:18-73
intent-filter#android.accounts.AccountAuthenticator
ADDED from src/main/AndroidManifest.xml:195:13-197:29
action#android.accounts.AccountAuthenticator
ADDED from src/main/AndroidManifest.xml:196:17-79
	android:name
		ADDED from src/main/AndroidManifest.xml:196:25-77
meta-data#android.accounts.AccountAuthenticator
ADDED from src/main/AndroidManifest.xml:198:13-199:47
	android:resource
		ADDED from src/main/AndroidManifest.xml:199:17-45
	android:name
		ADDED from src/main/AndroidManifest.xml:198:24-76
service#kr.wdream.storyshop.ContactsSyncAdapterService
ADDED from src/main/AndroidManifest.xml:202:9-210:19
	android:exported
		ADDED from src/main/AndroidManifest.xml:202:80-103
	android:name
		ADDED from src/main/AndroidManifest.xml:202:18-79
intent-filter#android.content.SyncAdapter
ADDED from src/main/AndroidManifest.xml:203:13-205:29
action#android.content.SyncAdapter
ADDED from src/main/AndroidManifest.xml:204:17-70
	android:name
		ADDED from src/main/AndroidManifest.xml:204:25-67
meta-data#android.content.SyncAdapter
ADDED from src/main/AndroidManifest.xml:206:13-207:57
	android:resource
		ADDED from src/main/AndroidManifest.xml:207:17-54
	android:name
		ADDED from src/main/AndroidManifest.xml:206:24-66
meta-data#android.provider.CONTACTS_STRUCTURE
ADDED from src/main/AndroidManifest.xml:208:13-209:52
	android:resource
		ADDED from src/main/AndroidManifest.xml:209:17-49
	android:name
		ADDED from src/main/AndroidManifest.xml:208:24-74
service#kr.wdream.storyshop.kr.toptalk.messenger.TgChooserTargetService
ADDED from src/main/AndroidManifest.xml:212:9-219:19
	android:label
		ADDED from src/main/AndroidManifest.xml:214:13-44
	android:permission
		ADDED from src/main/AndroidManifest.xml:215:13-80
	android:name
		ADDED from src/main/AndroidManifest.xml:213:13-91
intent-filter#android.service.chooser.ChooserTargetService
ADDED from src/main/AndroidManifest.xml:216:13-218:29
action#android.service.chooser.ChooserTargetService
ADDED from src/main/AndroidManifest.xml:217:17-87
	android:name
		ADDED from src/main/AndroidManifest.xml:217:25-84
service#kr.wdream.storyshop.NotificationsService
ADDED from src/main/AndroidManifest.xml:221:9-98
	android:enabled
		ADDED from src/main/AndroidManifest.xml:221:74-96
	android:name
		ADDED from src/main/AndroidManifest.xml:221:18-73
service#kr.wdream.storyshop.NotificationRepeat
ADDED from src/main/AndroidManifest.xml:222:9-98
	android:exported
		ADDED from src/main/AndroidManifest.xml:222:72-96
	android:name
		ADDED from src/main/AndroidManifest.xml:222:18-71
service#kr.wdream.storyshop.ClearCacheService
ADDED from src/main/AndroidManifest.xml:223:9-97
	android:exported
		ADDED from src/main/AndroidManifest.xml:223:71-95
	android:name
		ADDED from src/main/AndroidManifest.xml:223:18-70
service#kr.wdream.storyshop.VideoEncodingService
ADDED from src/main/AndroidManifest.xml:224:9-98
	android:enabled
		ADDED from src/main/AndroidManifest.xml:224:74-96
	android:name
		ADDED from src/main/AndroidManifest.xml:224:18-73
service#kr.wdream.storyshop.MusicPlayerService
ADDED from src/main/AndroidManifest.xml:225:9-120
	android:enabled
		ADDED from src/main/AndroidManifest.xml:225:96-118
	android:exported
		ADDED from src/main/AndroidManifest.xml:225:72-95
	android:name
		ADDED from src/main/AndroidManifest.xml:225:18-71
service#kr.wdream.storyshop.MusicBrowserService
ADDED from src/main/AndroidManifest.xml:226:9-230:19
	android:exported
		ADDED from src/main/AndroidManifest.xml:226:73-96
	android:name
		ADDED from src/main/AndroidManifest.xml:226:18-72
intent-filter#android.media.browse.MediaBrowserService
ADDED from src/main/AndroidManifest.xml:227:13-229:29
action#android.media.browse.MediaBrowserService
ADDED from src/main/AndroidManifest.xml:228:17-82
	android:name
		ADDED from src/main/AndroidManifest.xml:228:25-80
receiver#kr.wdream.storyshop.MusicPlayerReceiver
ADDED from src/main/AndroidManifest.xml:232:9-242:20
	android:name
		ADDED from src/main/AndroidManifest.xml:232:19-73
intent-filter#android.intent.action.MEDIA_BUTTON+android.media.AUDIO_BECOMING_NOISY+kr.toptalk.android.musicplayer.close+kr.toptalk.android.musicplayer.next+kr.toptalk.android.musicplayer.pause+kr.toptalk.android.musicplayer.play+kr.toptalk.android.musicplayer.previous
ADDED from src/main/AndroidManifest.xml:233:13-241:29
action#kr.toptalk.android.musicplayer.close
ADDED from src/main/AndroidManifest.xml:234:17-79
	android:name
		ADDED from src/main/AndroidManifest.xml:234:25-76
action#kr.toptalk.android.musicplayer.pause
ADDED from src/main/AndroidManifest.xml:235:17-79
	android:name
		ADDED from src/main/AndroidManifest.xml:235:25-76
action#kr.toptalk.android.musicplayer.next
ADDED from src/main/AndroidManifest.xml:236:17-78
	android:name
		ADDED from src/main/AndroidManifest.xml:236:25-75
action#kr.toptalk.android.musicplayer.play
ADDED from src/main/AndroidManifest.xml:237:17-78
	android:name
		ADDED from src/main/AndroidManifest.xml:237:25-75
action#kr.toptalk.android.musicplayer.previous
ADDED from src/main/AndroidManifest.xml:238:17-82
	android:name
		ADDED from src/main/AndroidManifest.xml:238:25-79
action#android.intent.action.MEDIA_BUTTON
ADDED from src/main/AndroidManifest.xml:239:17-77
	android:name
		ADDED from src/main/AndroidManifest.xml:239:25-74
action#android.media.AUDIO_BECOMING_NOISY
ADDED from src/main/AndroidManifest.xml:240:17-77
	android:name
		ADDED from src/main/AndroidManifest.xml:240:25-74
receiver#kr.wdream.storyshop.AppStartReceiver
ADDED from src/main/AndroidManifest.xml:244:9-249:20
	android:enabled
		ADDED from src/main/AndroidManifest.xml:244:71-93
	android:name
		ADDED from src/main/AndroidManifest.xml:244:19-70
intent-filter#android.intent.action.BOOT_COMPLETED+kr.toptalk.start
ADDED from src/main/AndroidManifest.xml:245:13-248:29
action#kr.toptalk.start
ADDED from src/main/AndroidManifest.xml:246:17-59
	android:name
		ADDED from src/main/AndroidManifest.xml:246:25-56
action#android.intent.action.BOOT_COMPLETED
ADDED from src/main/AndroidManifest.xml:247:17-79
	android:name
		ADDED from src/main/AndroidManifest.xml:247:25-76
receiver#kr.wdream.storyshop.WearReplyReceiver
ADDED from src/main/AndroidManifest.xml:251:9-96
	android:enabled
		ADDED from src/main/AndroidManifest.xml:251:72-94
	android:name
		ADDED from src/main/AndroidManifest.xml:251:19-71
receiver#kr.wdream.storyshop.PopupReplyReceiver
ADDED from src/main/AndroidManifest.xml:253:9-97
	android:enabled
		ADDED from src/main/AndroidManifest.xml:253:73-95
	android:name
		ADDED from src/main/AndroidManifest.xml:253:19-72
receiver#kr.wdream.storyshop.ShareBroadcastReceiver
ADDED from src/main/AndroidManifest.xml:255:9-101
	android:enabled
		ADDED from src/main/AndroidManifest.xml:255:77-99
	android:name
		ADDED from src/main/AndroidManifest.xml:255:19-76
receiver#kr.wdream.storyshop.NotificationDismissReceiver
ADDED from src/main/AndroidManifest.xml:257:9-108
	android:exported
		ADDED from src/main/AndroidManifest.xml:257:82-106
	android:name
		ADDED from src/main/AndroidManifest.xml:257:19-81
provider#android.support.v4.content.FileProvider
ADDED from src/main/AndroidManifest.xml:259:9-267:20
	android:authorities
		ADDED from src/main/AndroidManifest.xml:261:13-60
		INJECTED from src/main/AndroidManifest.xml
	android:grantUriPermissions
		ADDED from src/main/AndroidManifest.xml:263:13-47
	android:exported
		ADDED from src/main/AndroidManifest.xml:262:13-37
	android:name
		ADDED from src/main/AndroidManifest.xml:260:13-67
meta-data#android.support.FILE_PROVIDER_PATHS
ADDED from src/main/AndroidManifest.xml:264:13-266:57
	android:resource
		ADDED from src/main/AndroidManifest.xml:266:17-55
	android:name
		ADDED from src/main/AndroidManifest.xml:265:17-67
uses-library#com.sec.android.app.multiwindow
ADDED from src/main/AndroidManifest.xml:269:9-97
	android:required
		ADDED from src/main/AndroidManifest.xml:269:70-94
	android:name
		ADDED from src/main/AndroidManifest.xml:269:23-69
meta-data#com.sec.android.support.multiwindow
ADDED from src/main/AndroidManifest.xml:270:9-94
	android:value
		ADDED from src/main/AndroidManifest.xml:270:71-91
	android:name
		ADDED from src/main/AndroidManifest.xml:270:20-70
meta-data#com.sec.android.multiwindow.DEFAULT_SIZE_W
ADDED from src/main/AndroidManifest.xml:271:9-102
	android:value
		ADDED from src/main/AndroidManifest.xml:271:78-99
	android:name
		ADDED from src/main/AndroidManifest.xml:271:20-77
meta-data#com.sec.android.multiwindow.DEFAULT_SIZE_H
ADDED from src/main/AndroidManifest.xml:272:9-102
	android:value
		ADDED from src/main/AndroidManifest.xml:272:78-99
	android:name
		ADDED from src/main/AndroidManifest.xml:272:20-77
meta-data#com.sec.android.multiwindow.MINIMUM_SIZE_W
ADDED from src/main/AndroidManifest.xml:273:9-102
	android:value
		ADDED from src/main/AndroidManifest.xml:273:78-99
	android:name
		ADDED from src/main/AndroidManifest.xml:273:20-77
meta-data#com.sec.android.multiwindow.MINIMUM_SIZE_H
ADDED from src/main/AndroidManifest.xml:274:9-102
	android:value
		ADDED from src/main/AndroidManifest.xml:274:78-99
	android:name
		ADDED from src/main/AndroidManifest.xml:274:20-77
meta-data#com.google.android.gms.car.notification.SmallIcon
ADDED from src/main/AndroidManifest.xml:276:9-126
	android:resource
		ADDED from src/main/AndroidManifest.xml:276:85-123
	android:name
		ADDED from src/main/AndroidManifest.xml:276:20-84
meta-data#com.google.android.gms.car.application
ADDED from src/main/AndroidManifest.xml:277:9-120
	android:resource
		ADDED from src/main/AndroidManifest.xml:277:74-117
	android:name
		ADDED from src/main/AndroidManifest.xml:277:20-73
meta-data#com.google.android.gms.vision.DEPENDENCIES
ADDED from src/main/AndroidManifest.xml:279:9-101
	android:value
		ADDED from src/main/AndroidManifest.xml:279:78-98
	android:name
		ADDED from src/main/AndroidManifest.xml:279:20-77
uses-sdk
INJECTED from src/main/AndroidManifest.xml reason: use-sdk injection requested
MERGED from [com.google.android.gms:play-services-gcm:9.6.1] AndroidManifest.xml:17:5-42
MERGED from [com.google.android.gms:play-services-base:9.6.1] AndroidManifest.xml:17:5-42
MERGED from [com.google.android.gms:play-services-basement:9.6.1] AndroidManifest.xml:17:5-42
MERGED from [com.google.android.gms:play-services-tasks:9.6.1] AndroidManifest.xml:3:5-42
MERGED from [com.google.android.gms:play-services-iid:9.6.1] AndroidManifest.xml:17:5-42
MERGED from [com.google.android.gms:play-services-maps:9.6.1] AndroidManifest.xml:23:5-42
MERGED from [com.google.android.gms:play-services-vision:9.6.1] AndroidManifest.xml:3:5-42
MERGED from [com.android.support:support-core-ui:24.2.1] AndroidManifest.xml:21:5-23:58
MERGED from [com.android.support:support-compat:24.2.1] AndroidManifest.xml:21:5-23:58
MERGED from [com.android.support:support-core-utils:24.2.1] AndroidManifest.xml:21:5-23:61
MERGED from [net.hockeyapp.android:HockeySDK:4.0.1] AndroidManifest.xml:7:5-9:41
MERGED from [com.google.firebase:firebase-core:9.6.1] AndroidManifest.xml:4:5-42
MERGED from [com.google.firebase:firebase-analytics:9.6.1] AndroidManifest.xml:17:5-42
MERGED from [com.google.firebase:firebase-common:9.6.1] AndroidManifest.xml:3:5-42
MERGED from [com.google.firebase:firebase-analytics-impl:9.6.1] AndroidManifest.xml:17:5-42
MERGED from [com.google.firebase:firebase-iid:9.6.1] AndroidManifest.xml:17:5-42
	tools:overrideLibrary
		ADDED from [com.android.support:support-core-ui:24.2.1] AndroidManifest.xml:23:9-55
	android:targetSdkVersion
		INJECTED from src/main/AndroidManifest.xml
		INJECTED from config/debug/AndroidManifest.xml
	android:minSdkVersion
		INJECTED from src/main/AndroidManifest.xml
		INJECTED from config/debug/AndroidManifest.xml
uses-permission#com.google.android.c2dm.permission.RECEIVE
MERGED from [com.google.android.gms:play-services-gcm:9.6.1] AndroidManifest.xml:20:5-81
MERGED from [com.google.android.gms:play-services-iid:9.6.1] AndroidManifest.xml:20:5-81
MERGED from [com.google.firebase:firebase-iid:9.6.1] AndroidManifest.xml:22:5-81